<html>
<body>
<pre>
<h1>Vision Build Log</h1>
<h2>Tool Versions:</h2>
IDE-Version: μVision V5.23.0.0
Copyright (C) 2017 ARM Ltd and ARM Germany GmbH. All rights reserved.
License Information: shang junhui, heli, LIC=JL263-AYYHV-559T2-9Z979-5LI29-8ICGX
 
Tool Versions:
Toolchain:       MDK-ARM Plus  Version: 5.23
Toolchain Path:  F:\keil\ARM\ARMCC\Bin
C Compiler:      Armcc.exe V5.06 update 4 (build 422)
Assembler:       Armasm.exe V5.06 update 4 (build 422)
Linker/Locator:  ArmLink.exe V5.06 update 4 (build 422)
Library Manager: ArmAr.exe V5.06 update 4 (build 422)
Hex Converter:   FromElf.exe V5.06 update 4 (build 422)
CPU DLL:         SARMCM3.DLL V5.23
Dialog DLL:      DARMSTM.DLL V1.68.0.0
Target DLL:      STLink\ST-LINKIII-KEIL_SWO.dll V2.0.18.0
Dialog DLL:      TARMSTM.DLL V1.66.0.0
 
<h2>Project:</h2>
E:\keil\TIM―通用定时器-PWM输入捕获\Project\RVMDK（uv5）\BH-F103.uvprojx
Project File Date:  06/09/2019

<h2>Output:</h2>
*** Using Compiler 'V5.06 update 4 (build 422)', folder: 'F:\keil\ARM\ARMCC\Bin'
Rebuild target 'TIM―高级定时器-PWM输入'
assembling startup_stm32f10x_hd.s...
compiling core_cm3.c...
compiling system_stm32f10x.c...
compiling stm32f10x_bkp.c...
compiling misc.c...
compiling stm32f10x_cec.c...
compiling stm32f10x_crc.c...
compiling stm32f10x_adc.c...
compiling stm32f10x_can.c...
compiling stm32f10x_dac.c...
compiling stm32f10x_dbgmcu.c...
compiling stm32f10x_exti.c...
compiling stm32f10x_dma.c...
compiling stm32f10x_gpio.c...
compiling stm32f10x_flash.c...
compiling stm32f10x_fsmc.c...
compiling stm32f10x_spi.c...
compiling stm32f10x_iwdg.c...
compiling stm32f10x_rtc.c...
compiling stm32f10x_pwr.c...
compiling stm32f10x_i2c.c...
compiling stm32f10x_sdio.c...
compiling stm32f10x_rcc.c...
compiling stm32f10x_it.c...
..\..\User\stm32f10x_it.c(28): error:  #5: cannot open source input file "bsp_AdvanceTim.h": No such file or directory
  #include "bsp_AdvanceTim.h" 
..\..\User\stm32f10x_it.c: 0 warnings, 1 error
compiling bsp_GeneralTim.c...
compiling bsp_led.c...
compiling main.c...
..\..\User\GeneralTimbuhuo\GeneralTimbuhuo.h(6): error:  #40: expected an identifier
  #define "stm32f10x.h"
..\..\User\GeneralTimbuhuo\GeneralTimbuhuo.h(11): warning:  #1-D: last line of file ends without a newline
  #endif /* __GENERALTIMNUHUO_Hre */
..\..\User\main.c(24): warning:  #223-D: function "ADVANCE_TIM_Init" declared implicitly
  	ADVANCE_TIM_Init();	
..\..\User\main.c: 2 warnings, 1 error
compiling stm32f10x_wwdg.c...
compiling stm32f10x_usart.c...
compiling GeneralTimbuhuo.c...
..\..\User\GeneralTimbuhuo\GeneralTimbuhuo.h(6): error:  #40: expected an identifier
  #define "stm32f10x.h"
..\..\User\GeneralTimbuhuo\GeneralTimbuhuo.h(11): warning:  #1-D: last line of file ends without a newline
  #endif /* __GENERALTIMNUHUO_Hre */
..\..\User\GeneralTimbuhuo\GeneralTimbuhuo.c: 1 warning, 1 error
compiling stm32f10x_tim.c...
compiling bsp_usart.c...
"..\..\Output\TIM―高级定时器-PWM输入.axf" - 3 Error(s), 3 Warning(s).

<h2>Collection of Component include folders:</h2>
  .\RTE\_TIM____________-PWM____
  F:\keil\Keil\STM32F1xx_DFP\1.1.0\Device\Include

<h2>Collection of Component Files used:</h2>
Target not created.
Build Time Elapsed:  00:00:03
</pre>
</body>
</html>
